<?xml version="1.0" encoding="UTF-8"?>
<testsuite name="org.pivot4j.mdx.MdxParserTest" time="2.17" tests="18" errors="0" skipped="0" failures="0">
  <properties>
    <property name="java.runtime.name" value="Java(TM) SE Runtime Environment"/>
    <property name="sun.boot.library.path" value="C:\java\jdk1.7.0_72\jre\bin"/>
    <property name="java.vm.version" value="24.72-b04"/>
    <property name="java.vm.vendor" value="Oracle Corporation"/>
    <property name="java.vendor.url" value="http://java.oracle.com/"/>
    <property name="path.separator" value=";"/>
    <property name="guice.disable.misplaced.annotation.check" value="true"/>
    <property name="java.vm.name" value="Java HotSpot(TM) 64-Bit Server VM"/>
    <property name="file.encoding.pkg" value="sun.io"/>
    <property name="user.script" value=""/>
    <property name="user.country" value="MY"/>
    <property name="sun.java.launcher" value="SUN_STANDARD"/>
    <property name="sun.os.patch.level" value=""/>
    <property name="java.vm.specification.name" value="Java Virtual Machine Specification"/>
    <property name="user.dir" value="C:\dev\pivot4j"/>
    <property name="java.runtime.version" value="1.7.0_72-b14"/>
    <property name="java.awt.graphicsenv" value="sun.awt.Win32GraphicsEnvironment"/>
    <property name="java.endorsed.dirs" value="C:\java\jdk1.7.0_72\jre\lib\endorsed"/>
    <property name="os.arch" value="amd64"/>
    <property name="java.io.tmpdir" value="C:\Users\super\AppData\Local\Temp\"/>
    <property name="line.separator" value="&#10;"/>
    <property name="java.vm.specification.vendor" value="Oracle Corporation"/>
    <property name="user.variant" value=""/>
    <property name="os.name" value="Windows 8.1"/>
    <property name="classworlds.conf" value="C:\dev\onsemi\.metadata\.plugins\org.eclipse.m2e.launching\launches\m2conf8514463562692294981.tmp"/>
    <property name="sun.jnu.encoding" value="Cp1252"/>
    <property name="java.library.path" value="C:\java\jdk1.7.0_72\bin;C:\Windows\Sun\Java\bin;C:\Windows\system32;C:\Windows;C:/java/jdk1.7.0_72/bin/../jre/bin/server;C:/java/jdk1.7.0_72/bin/../jre/bin;C:/java/jdk1.7.0_72/bin/../jre/lib/amd64;C:\oraclexe\app\oracle\product\11.2.0\server\bin;;c:\Program Files (x86)\Intel\iCLS Client\;c:\Program Files\Intel\iCLS Client\;C:\Windows\system32;C:\Windows;C:\Windows\System32\Wbem;C:\Windows\System32\WindowsPowerShell\v1.0\;C:\Program Files\Intel\Intel(R) Management Engine Components\DAL;C:\Program Files\Intel\Intel(R) Management Engine Components\IPT;C:\Program Files (x86)\Intel\Intel(R) Management Engine Components\DAL;C:\Program Files (x86)\Intel\Intel(R) Management Engine Components\IPT;C:\Program Files\Intel\WiFi\bin\;C:\Program Files\Common Files\Intel\WirelessCommon\;C:\Program Files (x86)\Windows Live\Shared;C:\java\jdk1.7.0_72\bin;C:\java\jre7\bin;C:\maven\bin;C:\apache-ant-1.9.4\bin;C:\maven\bin;C:\Program Files (x86)\Skype\Phone\;C:\java\eclipse;;."/>
    <property name="java.specification.name" value="Java Platform API Specification"/>
    <property name="java.class.version" value="51.0"/>
    <property name="sun.management.compiler" value="HotSpot 64-Bit Tiered Compilers"/>
    <property name="os.version" value="6.3"/>
    <property name="user.home" value="C:\Users\super"/>
    <property name="user.timezone" value="Asia/Singapore"/>
    <property name="java.awt.printerjob" value="sun.awt.windows.WPrinterJob"/>
    <property name="java.specification.version" value="1.7"/>
    <property name="file.encoding" value="Cp1252"/>
    <property name="user.name" value="super"/>
    <property name="java.class.path" value="/C:/java/eclipse/configuration/org.eclipse.osgi/bundles/535/1/.cp/jars/plexus-classworlds-2.4.jar"/>
    <property name="java.vm.specification.version" value="1.7"/>
    <property name="sun.arch.data.model" value="64"/>
    <property name="java.home" value="C:\java\jdk1.7.0_72\jre"/>
    <property name="sun.java.command" value="org.codehaus.plexus.classworlds.launcher.Launcher -B -s C:\Users\super\.m2\settings.xml package"/>
    <property name="java.specification.vendor" value="Oracle Corporation"/>
    <property name="user.language" value="en"/>
    <property name="awt.toolkit" value="sun.awt.windows.WToolkit"/>
    <property name="java.vm.info" value="mixed mode"/>
    <property name="java.version" value="1.7.0_72"/>
    <property name="java.ext.dirs" value="C:\java\jdk1.7.0_72\jre\lib\ext;C:\Windows\Sun\Java\lib\ext"/>
    <property name="sun.boot.class.path" value="C:\java\jdk1.7.0_72\jre\lib\resources.jar;C:\java\jdk1.7.0_72\jre\lib\rt.jar;C:\java\jdk1.7.0_72\jre\lib\sunrsasign.jar;C:\java\jdk1.7.0_72\jre\lib\jsse.jar;C:\java\jdk1.7.0_72\jre\lib\jce.jar;C:\java\jdk1.7.0_72\jre\lib\charsets.jar;C:\java\jdk1.7.0_72\jre\lib\jfr.jar;C:\java\jdk1.7.0_72\jre\classes"/>
    <property name="java.vendor" value="Oracle Corporation"/>
    <property name="maven.home" value="C:\dev\pivot4j\EMBEDDED"/>
    <property name="file.separator" value="\"/>
    <property name="java.vendor.url.bug" value="http://bugreport.sun.com/bugreport/"/>
    <property name="maven.bootclasspath" value="/C:/java/eclipse/configuration/org.eclipse.osgi/bundles/535/1/.cp/jars/plexus-classworlds-2.4.jar"/>
    <property name="sun.cpu.endian" value="little"/>
    <property name="sun.io.unicode.encoding" value="UnicodeLittle"/>
    <property name="sun.desktop" value="windows"/>
    <property name="sun.cpu.isalist" value="amd64"/>
  </properties>
  <testcase name="testParseMemberExpressionWithCalculation" classname="org.pivot4j.mdx.MdxParserTest" time="2.011"/>
  <testcase name="testParseMemberExpressionInWithSet" classname="org.pivot4j.mdx.MdxParserTest" time="0.124"/>
  <testcase name="testParseEmptyAxis" classname="org.pivot4j.mdx.MdxParserTest" time="0"/>
  <testcase name="testGenerateSingleAxis" classname="org.pivot4j.mdx.MdxParserTest" time="0"/>
  <testcase name="testGenerateEmptyAxis" classname="org.pivot4j.mdx.MdxParserTest" time="0"/>
  <testcase name="testParseWithMemberProperties" classname="org.pivot4j.mdx.MdxParserTest" time="0.006"/>
  <testcase name="testGenerateBracketEscape" classname="org.pivot4j.mdx.MdxParserTest" time="0"/>
  <testcase name="testParseSingleAxis" classname="org.pivot4j.mdx.MdxParserTest" time="0.001"/>
  <testcase name="testParseOpeningBracket" classname="org.pivot4j.mdx.MdxParserTest" time="0.001"/>
  <testcase name="testParseMemberExpressionInWithMember" classname="org.pivot4j.mdx.MdxParserTest" time="0.001"/>
  <testcase name="testGenerateKeyIdentifier" classname="org.pivot4j.mdx.MdxParserTest" time="0"/>
  <testcase name="testParseSapVariables" classname="org.pivot4j.mdx.MdxParserTest" time="0.014"/>
  <testcase name="testParseMemberExpression" classname="org.pivot4j.mdx.MdxParserTest" time="0.001"/>
  <testcase name="testParseWithMember" classname="org.pivot4j.mdx.MdxParserTest" time="0.003"/>
  <testcase name="testParseBracketEscape" classname="org.pivot4j.mdx.MdxParserTest" time="0.002"/>
  <testcase name="testParseMemberExpressionEscape" classname="org.pivot4j.mdx.MdxParserTest" time="0.002"/>
  <testcase name="testParseValueExpression" classname="org.pivot4j.mdx.MdxParserTest" time="0.002"/>
  <testcase name="testParseKeyIdentifier" classname="org.pivot4j.mdx.MdxParserTest" time="0.002"/>
</testsuite>